2025-01-08 12:58:56,540 | INFO     | 368 | 22196 | site_data_processing.py:37 | __init__ | Initializing LandDataProcessor
2025-01-08 12:58:56,808 | INFO     | 368 | 22196 | site_data_processing.py:175 | process_land_data | Starting land data processing
2025-01-08 12:58:57,501 | INFO     | 368 | 22196 | site_data_processing.py:235 | process_land_data | Processing boundary coordinates
2025-01-08 12:58:57,643 | INFO     | 368 | 22196 | site_data_processing.py:91 | find_reference_point | Finding reference point among 7 points
2025-01-08 12:58:57,644 | INFO     | 368 | 22196 | site_data_processing.py:113 | find_reference_point | Reference point found at index 6 with score 0.000835608036346865
2025-01-08 12:58:57,645 | INFO     | 368 | 22196 | site_data_processing.py:123 | corr_arrange_points | Arranging 6 points
2025-01-08 12:58:57,647 | INFO     | 368 | 22196 | site_data_processing.py:322 | process_land_data | Land data processing completed successfully
2025-01-08 13:29:33,597 | INFO     | 19548 | 84 | site_data_processing.py:37 | __init__ | Initializing LandDataProcessor
2025-01-08 13:29:33,787 | INFO     | 19548 | 84 | site_data_processing.py:175 | process_land_data | Starting land data processing
2025-01-08 13:29:34,501 | INFO     | 19548 | 84 | site_data_processing.py:235 | process_land_data | Processing boundary coordinates
2025-01-08 13:29:34,701 | INFO     | 19548 | 84 | site_data_processing.py:91 | find_reference_point | Finding reference point among 7 points
2025-01-08 13:29:34,702 | INFO     | 19548 | 84 | site_data_processing.py:113 | find_reference_point | Reference point found at index 6 with score 0.000835608036346865
2025-01-08 13:29:34,703 | INFO     | 19548 | 84 | site_data_processing.py:123 | corr_arrange_points | Arranging 6 points
2025-01-08 13:29:34,703 | INFO     | 19548 | 84 | site_data_processing.py:322 | process_land_data | Land data processing completed successfully
2025-01-08 13:31:37,457 | INFO     | 3964 | 14616 | site_data_processing.py:37 | __init__ | Initializing LandDataProcessor
2025-01-08 13:31:37,539 | INFO     | 3964 | 14616 | site_data_processing.py:175 | process_land_data | Starting land data processing
2025-01-08 13:31:38,232 | INFO     | 3964 | 14616 | site_data_processing.py:235 | process_land_data | Processing boundary coordinates
2025-01-08 13:31:38,429 | INFO     | 3964 | 14616 | site_data_processing.py:91 | find_reference_point | Finding reference point among 7 points
2025-01-08 13:31:38,431 | INFO     | 3964 | 14616 | site_data_processing.py:113 | find_reference_point | Reference point found at index 6 with score 0.000835608036346865
2025-01-08 13:31:38,433 | INFO     | 3964 | 14616 | site_data_processing.py:123 | corr_arrange_points | Arranging 6 points
2025-01-08 13:31:38,435 | INFO     | 3964 | 14616 | site_data_processing.py:322 | process_land_data | Land data processing completed successfully
2025-01-08 13:35:43,056 | INFO     | 21472 | 11812 | site_data_processing.py:37 | __init__ | Initializing LandDataProcessor
2025-01-08 13:35:43,237 | INFO     | 21472 | 11812 | site_data_processing.py:175 | process_land_data | Starting land data processing
2025-01-08 13:35:43,929 | INFO     | 21472 | 11812 | site_data_processing.py:235 | process_land_data | Processing boundary coordinates
2025-01-08 13:35:44,106 | INFO     | 21472 | 11812 | site_data_processing.py:91 | find_reference_point | Finding reference point among 7 points
2025-01-08 13:35:44,107 | INFO     | 21472 | 11812 | site_data_processing.py:113 | find_reference_point | Reference point found at index 6 with score 0.000835608036346865
2025-01-08 13:35:44,108 | INFO     | 21472 | 11812 | site_data_processing.py:123 | corr_arrange_points | Arranging 6 points
2025-01-08 13:35:44,109 | INFO     | 21472 | 11812 | site_data_processing.py:322 | process_land_data | Land data processing completed successfully
2025-01-08 13:57:42,910 | INFO     | 20640 | 20644 | site_data_processing.py:37 | __init__ | Initializing LandDataProcessor
2025-01-08 13:57:43,525 | INFO     | 20640 | 20644 | site_data_processing.py:175 | process_land_data | Starting land data processing
2025-01-08 13:57:45,375 | INFO     | 20640 | 20644 | site_data_processing.py:235 | process_land_data | Processing boundary coordinates
2025-01-08 13:57:45,710 | INFO     | 20640 | 20644 | site_data_processing.py:91 | find_reference_point | Finding reference point among 7 points
2025-01-08 13:57:45,711 | INFO     | 20640 | 20644 | site_data_processing.py:113 | find_reference_point | Reference point found at index 6 with score 0.000835608036346865
2025-01-08 13:57:45,712 | INFO     | 20640 | 20644 | site_data_processing.py:123 | corr_arrange_points | Arranging 6 points
2025-01-08 13:57:45,716 | INFO     | 20640 | 20644 | site_data_processing.py:322 | process_land_data | Land data processing completed successfully
2025-01-08 14:01:32,794 | INFO     | 20640 | 20644 | site_data_processing.py:37 | __init__ | Initializing LandDataProcessor
2025-01-08 14:01:32,964 | INFO     | 20640 | 20644 | site_data_processing.py:175 | process_land_data | Starting land data processing
2025-01-08 14:01:34,078 | INFO     | 20640 | 20644 | site_data_processing.py:235 | process_land_data | Processing boundary coordinates
2025-01-08 14:01:34,317 | INFO     | 20640 | 20644 | site_data_processing.py:91 | find_reference_point | Finding reference point among 7 points
2025-01-08 14:01:34,318 | INFO     | 20640 | 20644 | site_data_processing.py:113 | find_reference_point | Reference point found at index 6 with score 0.000835608036346865
2025-01-08 14:01:34,319 | INFO     | 20640 | 20644 | site_data_processing.py:123 | corr_arrange_points | Arranging 6 points
2025-01-08 14:01:34,321 | INFO     | 20640 | 20644 | site_data_processing.py:322 | process_land_data | Land data processing completed successfully
2025-01-08 14:02:56,091 | INFO     | 20640 | 20644 | site_data_processing.py:37 | __init__ | Initializing LandDataProcessor
2025-01-08 14:02:56,150 | INFO     | 20640 | 20644 | site_data_processing.py:175 | process_land_data | Starting land data processing
2025-01-08 14:02:56,757 | INFO     | 20640 | 20644 | site_data_processing.py:235 | process_land_data | Processing boundary coordinates
2025-01-08 14:02:56,937 | INFO     | 20640 | 20644 | site_data_processing.py:91 | find_reference_point | Finding reference point among 7 points
2025-01-08 14:02:56,937 | INFO     | 20640 | 20644 | site_data_processing.py:113 | find_reference_point | Reference point found at index 6 with score 0.000835608036346865
2025-01-08 14:02:56,938 | INFO     | 20640 | 20644 | site_data_processing.py:123 | corr_arrange_points | Arranging 6 points
2025-01-08 14:02:56,939 | INFO     | 20640 | 20644 | site_data_processing.py:322 | process_land_data | Land data processing completed successfully
2025-01-08 14:07:33,674 | INFO     | 20640 | 20644 | site_data_processing.py:37 | __init__ | Initializing LandDataProcessor
2025-01-08 14:07:33,785 | INFO     | 20640 | 20644 | site_data_processing.py:175 | process_land_data | Starting land data processing
2025-01-08 14:07:34,362 | INFO     | 20640 | 20644 | site_data_processing.py:235 | process_land_data | Processing boundary coordinates
2025-01-08 14:07:34,558 | INFO     | 20640 | 20644 | site_data_processing.py:91 | find_reference_point | Finding reference point among 7 points
2025-01-08 14:07:34,559 | INFO     | 20640 | 20644 | site_data_processing.py:113 | find_reference_point | Reference point found at index 6 with score 0.000835608036346865
2025-01-08 14:07:34,559 | INFO     | 20640 | 20644 | site_data_processing.py:123 | corr_arrange_points | Arranging 6 points
2025-01-08 14:07:34,560 | INFO     | 20640 | 20644 | site_data_processing.py:322 | process_land_data | Land data processing completed successfully
2025-01-08 14:08:06,168 | INFO     | 20640 | 20644 | site_data_processing.py:37 | __init__ | Initializing LandDataProcessor
2025-01-08 14:08:06,241 | INFO     | 20640 | 20644 | site_data_processing.py:175 | process_land_data | Starting land data processing
2025-01-08 14:08:07,193 | INFO     | 20640 | 20644 | site_data_processing.py:235 | process_land_data | Processing boundary coordinates
2025-01-08 14:08:07,426 | INFO     | 20640 | 20644 | site_data_processing.py:91 | find_reference_point | Finding reference point among 7 points
2025-01-08 14:08:07,428 | INFO     | 20640 | 20644 | site_data_processing.py:113 | find_reference_point | Reference point found at index 6 with score 0.000835608036346865
2025-01-08 14:08:07,428 | INFO     | 20640 | 20644 | site_data_processing.py:123 | corr_arrange_points | Arranging 6 points
2025-01-08 14:08:07,429 | INFO     | 20640 | 20644 | site_data_processing.py:322 | process_land_data | Land data processing completed successfully
2025-01-08 14:11:09,397 | INFO     | 12564 | 21464 | site_data_processing.py:37 | __init__ | Initializing LandDataProcessor
2025-01-08 14:11:09,605 | INFO     | 12564 | 21464 | site_data_processing.py:175 | process_land_data | Starting land data processing
2025-01-08 14:11:09,606 | ERROR    | 12564 | 21464 | site_data_processing.py:231 | process_land_data | Error processing point at index 0: list index out of range
2025-01-08 14:11:09,611 | ERROR    | 12564 | 21464 | site_data_processing.py:231 | process_land_data | Error processing point at index 1: list index out of range
2025-01-08 14:11:09,614 | ERROR    | 12564 | 21464 | site_data_processing.py:231 | process_land_data | Error processing point at index 2: list index out of range
2025-01-08 14:11:09,615 | ERROR    | 12564 | 21464 | site_data_processing.py:231 | process_land_data | Error processing point at index 3: list index out of range
2025-01-08 14:11:09,617 | ERROR    | 12564 | 21464 | site_data_processing.py:231 | process_land_data | Error processing point at index 4: list index out of range
2025-01-08 14:11:09,618 | ERROR    | 12564 | 21464 | site_data_processing.py:231 | process_land_data | Error processing point at index 5: list index out of range
2025-01-08 14:11:09,618 | INFO     | 12564 | 21464 | site_data_processing.py:235 | process_land_data | Processing boundary coordinates
2025-01-08 14:11:09,807 | INFO     | 12564 | 21464 | site_data_processing.py:91 | find_reference_point | Finding reference point among 0 points
2025-01-08 14:11:09,808 | ERROR    | 12564 | 21464 | site_data_processing.py:118 | find_reference_point | Error finding reference point: max() iterable argument is empty
2025-01-08 14:11:09,808 | ERROR    | 12564 | 21464 | site_data_processing.py:326 | process_land_data | Error in process_land_data: max() iterable argument is empty
2025-01-08 14:11:18,721 | INFO     | 12564 | 21464 | site_data_processing.py:37 | __init__ | Initializing LandDataProcessor
2025-01-08 14:11:18,735 | INFO     | 12564 | 21464 | site_data_processing.py:175 | process_land_data | Starting land data processing
2025-01-08 14:11:18,735 | ERROR    | 12564 | 21464 | site_data_processing.py:231 | process_land_data | Error processing point at index 0: list index out of range
2025-01-08 14:11:18,736 | ERROR    | 12564 | 21464 | site_data_processing.py:231 | process_land_data | Error processing point at index 1: list index out of range
2025-01-08 14:11:18,736 | ERROR    | 12564 | 21464 | site_data_processing.py:231 | process_land_data | Error processing point at index 2: list index out of range
2025-01-08 14:11:18,737 | ERROR    | 12564 | 21464 | site_data_processing.py:231 | process_land_data | Error processing point at index 3: list index out of range
2025-01-08 14:11:18,737 | ERROR    | 12564 | 21464 | site_data_processing.py:231 | process_land_data | Error processing point at index 4: list index out of range
2025-01-08 14:11:18,737 | ERROR    | 12564 | 21464 | site_data_processing.py:231 | process_land_data | Error processing point at index 5: list index out of range
2025-01-08 14:11:18,738 | INFO     | 12564 | 21464 | site_data_processing.py:235 | process_land_data | Processing boundary coordinates
2025-01-08 14:11:18,788 | INFO     | 12564 | 21464 | site_data_processing.py:91 | find_reference_point | Finding reference point among 0 points
2025-01-08 14:11:18,789 | ERROR    | 12564 | 21464 | site_data_processing.py:118 | find_reference_point | Error finding reference point: max() iterable argument is empty
2025-01-08 14:11:18,789 | ERROR    | 12564 | 21464 | site_data_processing.py:326 | process_land_data | Error in process_land_data: max() iterable argument is empty
2025-01-08 14:11:29,963 | INFO     | 12564 | 21464 | site_data_processing.py:37 | __init__ | Initializing LandDataProcessor
2025-01-08 14:11:29,978 | INFO     | 12564 | 21464 | site_data_processing.py:175 | process_land_data | Starting land data processing
2025-01-08 14:11:29,979 | ERROR    | 12564 | 21464 | site_data_processing.py:231 | process_land_data | Error processing point at index 0: list index out of range
2025-01-08 14:11:29,979 | ERROR    | 12564 | 21464 | site_data_processing.py:231 | process_land_data | Error processing point at index 1: list index out of range
2025-01-08 14:11:29,980 | ERROR    | 12564 | 21464 | site_data_processing.py:231 | process_land_data | Error processing point at index 2: list index out of range
2025-01-08 14:11:29,980 | ERROR    | 12564 | 21464 | site_data_processing.py:231 | process_land_data | Error processing point at index 3: list index out of range
2025-01-08 14:11:29,980 | ERROR    | 12564 | 21464 | site_data_processing.py:231 | process_land_data | Error processing point at index 4: list index out of range
2025-01-08 14:11:29,980 | ERROR    | 12564 | 21464 | site_data_processing.py:231 | process_land_data | Error processing point at index 5: list index out of range
2025-01-08 14:11:29,981 | INFO     | 12564 | 21464 | site_data_processing.py:235 | process_land_data | Processing boundary coordinates
2025-01-08 14:11:30,043 | INFO     | 12564 | 21464 | site_data_processing.py:91 | find_reference_point | Finding reference point among 0 points
2025-01-08 14:11:30,044 | ERROR    | 12564 | 21464 | site_data_processing.py:118 | find_reference_point | Error finding reference point: max() iterable argument is empty
2025-01-08 14:11:30,044 | ERROR    | 12564 | 21464 | site_data_processing.py:326 | process_land_data | Error in process_land_data: max() iterable argument is empty
2025-01-08 14:11:49,555 | INFO     | 12564 | 21464 | site_data_processing.py:37 | __init__ | Initializing LandDataProcessor
2025-01-08 14:11:49,589 | INFO     | 12564 | 21464 | site_data_processing.py:175 | process_land_data | Starting land data processing
2025-01-08 14:11:49,966 | ERROR    | 12564 | 21464 | site_data_processing.py:231 | process_land_data | Error processing point at index 5: list index out of range
2025-01-08 14:11:49,967 | ERROR    | 12564 | 21464 | site_data_processing.py:231 | process_land_data | Error processing point at index 6: list index out of range
2025-01-08 14:11:49,967 | INFO     | 12564 | 21464 | site_data_processing.py:235 | process_land_data | Processing boundary coordinates
2025-01-08 14:11:50,121 | INFO     | 12564 | 21464 | site_data_processing.py:91 | find_reference_point | Finding reference point among 5 points
2025-01-08 14:11:50,122 | INFO     | 12564 | 21464 | site_data_processing.py:113 | find_reference_point | Reference point found at index 4 with score 0.1510543159725632
2025-01-08 14:11:50,122 | INFO     | 12564 | 21464 | site_data_processing.py:123 | corr_arrange_points | Arranging 4 points
2025-01-08 14:11:50,123 | INFO     | 12564 | 21464 | site_data_processing.py:322 | process_land_data | Land data processing completed successfully
2025-01-08 14:12:18,248 | INFO     | 12564 | 21464 | site_data_processing.py:37 | __init__ | Initializing LandDataProcessor
2025-01-08 14:12:18,268 | INFO     | 12564 | 21464 | site_data_processing.py:175 | process_land_data | Starting land data processing
2025-01-08 14:12:18,441 | ERROR    | 12564 | 21464 | site_data_processing.py:231 | process_land_data | Error processing point at index 5: list index out of range
2025-01-08 14:12:18,441 | ERROR    | 12564 | 21464 | site_data_processing.py:231 | process_land_data | Error processing point at index 6: list index out of range
2025-01-08 14:12:18,442 | INFO     | 12564 | 21464 | site_data_processing.py:235 | process_land_data | Processing boundary coordinates
2025-01-08 14:12:18,552 | INFO     | 12564 | 21464 | site_data_processing.py:91 | find_reference_point | Finding reference point among 5 points
2025-01-08 14:12:18,552 | INFO     | 12564 | 21464 | site_data_processing.py:113 | find_reference_point | Reference point found at index 4 with score 0.07422584286319783
2025-01-08 14:12:18,552 | INFO     | 12564 | 21464 | site_data_processing.py:123 | corr_arrange_points | Arranging 4 points
2025-01-08 14:12:18,553 | INFO     | 12564 | 21464 | site_data_processing.py:322 | process_land_data | Land data processing completed successfully
2025-01-08 14:27:58,263 | INFO     | 6372 | 17836 | site_data_processing.py:37 | __init__ | Initializing LandDataProcessor
2025-01-08 14:27:58,322 | INFO     | 6372 | 17836 | site_data_processing.py:175 | process_land_data | Starting land data processing
2025-01-08 14:27:58,325 | ERROR    | 6372 | 17836 | site_data_processing.py:231 | process_land_data | Error processing point at index 0: list index out of range
2025-01-08 14:27:58,327 | ERROR    | 6372 | 17836 | site_data_processing.py:231 | process_land_data | Error processing point at index 1: list index out of range
2025-01-08 14:27:58,328 | ERROR    | 6372 | 17836 | site_data_processing.py:231 | process_land_data | Error processing point at index 2: list index out of range
2025-01-08 14:27:58,329 | ERROR    | 6372 | 17836 | site_data_processing.py:231 | process_land_data | Error processing point at index 3: list index out of range
2025-01-08 14:27:58,329 | ERROR    | 6372 | 17836 | site_data_processing.py:231 | process_land_data | Error processing point at index 4: list index out of range
2025-01-08 14:27:58,330 | ERROR    | 6372 | 17836 | site_data_processing.py:231 | process_land_data | Error processing point at index 5: list index out of range
2025-01-08 14:27:58,331 | ERROR    | 6372 | 17836 | site_data_processing.py:231 | process_land_data | Error processing point at index 6: list index out of range
2025-01-08 14:27:58,331 | INFO     | 6372 | 17836 | site_data_processing.py:235 | process_land_data | Processing boundary coordinates
2025-01-08 14:27:58,500 | INFO     | 6372 | 17836 | site_data_processing.py:91 | find_reference_point | Finding reference point among 0 points
2025-01-08 14:27:58,501 | ERROR    | 6372 | 17836 | site_data_processing.py:118 | find_reference_point | Error finding reference point: max() iterable argument is empty
2025-01-08 14:27:58,502 | ERROR    | 6372 | 17836 | site_data_processing.py:326 | process_land_data | Error in process_land_data: max() iterable argument is empty
2025-01-08 14:28:06,931 | INFO     | 6372 | 17836 | site_data_processing.py:37 | __init__ | Initializing LandDataProcessor
2025-01-08 14:28:06,946 | INFO     | 6372 | 17836 | site_data_processing.py:175 | process_land_data | Starting land data processing
2025-01-08 14:28:06,947 | ERROR    | 6372 | 17836 | site_data_processing.py:231 | process_land_data | Error processing point at index 0: list index out of range
2025-01-08 14:28:06,947 | ERROR    | 6372 | 17836 | site_data_processing.py:231 | process_land_data | Error processing point at index 1: list index out of range
2025-01-08 14:28:06,947 | ERROR    | 6372 | 17836 | site_data_processing.py:231 | process_land_data | Error processing point at index 2: list index out of range
2025-01-08 14:28:06,947 | ERROR    | 6372 | 17836 | site_data_processing.py:231 | process_land_data | Error processing point at index 3: list index out of range
2025-01-08 14:28:06,947 | ERROR    | 6372 | 17836 | site_data_processing.py:231 | process_land_data | Error processing point at index 4: list index out of range
2025-01-08 14:28:06,948 | ERROR    | 6372 | 17836 | site_data_processing.py:231 | process_land_data | Error processing point at index 5: list index out of range
2025-01-08 14:28:06,948 | INFO     | 6372 | 17836 | site_data_processing.py:235 | process_land_data | Processing boundary coordinates
2025-01-08 14:28:07,002 | INFO     | 6372 | 17836 | site_data_processing.py:91 | find_reference_point | Finding reference point among 0 points
2025-01-08 14:28:07,003 | ERROR    | 6372 | 17836 | site_data_processing.py:118 | find_reference_point | Error finding reference point: max() iterable argument is empty
2025-01-08 14:28:07,003 | ERROR    | 6372 | 17836 | site_data_processing.py:326 | process_land_data | Error in process_land_data: max() iterable argument is empty
2025-01-08 14:28:20,748 | INFO     | 6372 | 17836 | site_data_processing.py:37 | __init__ | Initializing LandDataProcessor
2025-01-08 14:28:20,763 | INFO     | 6372 | 17836 | site_data_processing.py:175 | process_land_data | Starting land data processing
2025-01-08 14:28:20,908 | ERROR    | 6372 | 17836 | site_data_processing.py:231 | process_land_data | Error processing point at index 5: list index out of range
2025-01-08 14:28:20,908 | INFO     | 6372 | 17836 | site_data_processing.py:235 | process_land_data | Processing boundary coordinates
2025-01-08 14:28:20,971 | INFO     | 6372 | 17836 | site_data_processing.py:91 | find_reference_point | Finding reference point among 5 points
2025-01-08 14:28:20,971 | INFO     | 6372 | 17836 | site_data_processing.py:113 | find_reference_point | Reference point found at index 2 with score 0.0021056395919121194
2025-01-08 14:28:20,972 | INFO     | 6372 | 17836 | site_data_processing.py:123 | corr_arrange_points | Arranging 4 points
2025-01-08 14:28:20,972 | INFO     | 6372 | 17836 | site_data_processing.py:322 | process_land_data | Land data processing completed successfully
