2025-01-08 12:13:13,998 | INFO     | 12336 | 9100 | main.py:54 | __call__ | Request 5730161f-733e-4758-bade-b1b6e93be6d6 completed in 0.095s
2025-01-08 12:13:14,010 | INFO     | 12336 | 9100 | main.py:54 | __call__ | Request 2194b04e-aa6f-441f-8ff5-48c97242fff6 completed in 0.083s
2025-01-08 12:13:14,234 | INFO     | 12336 | 9100 | main.py:54 | __call__ | Request 1223cbd7-6ff3-4ba9-b152-7bb1f511e6d0 completed in 0.220s
2025-01-08 12:13:18,630 | INFO     | 12336 | 9100 | main.py:54 | __call__ | Request 763fb1d0-6329-4450-9152-73c5ebf6cff5 completed in 4.408s
2025-01-08 12:13:18,634 | INFO     | 12336 | 9100 | main.py:54 | __call__ | Request 48cc5cd5-f65f-4320-abdd-756b8844d11d completed in 0.002s
2025-01-08 12:13:20,670 | INFO     | 12336 | 9100 | main.py:54 | __call__ | Request 3a3d36ba-100b-4b68-b477-d92af57e238d completed in 2.034s
2025-01-08 12:14:47,457 | INFO     | 21656 | 17460 | main.py:54 | __call__ | Request 737f598f-6bc7-4d2f-88f0-edd02a86d6b5 completed in 0.008s
2025-01-08 12:14:50,191 | INFO     | 21656 | 17460 | main.py:54 | __call__ | Request c8b3993b-21b3-4c24-9a33-b6d33c494cf8 completed in 2.731s
2025-01-08 12:21:38,966 | INFO     | 368 | 22196 | main.py:54 | __call__ | Request 54da3127-8c3e-4e72-b623-77170a9875fe completed in 0.039s
2025-01-08 12:21:44,212 | INFO     | 368 | 22196 | main.py:54 | __call__ | Request 54d82e75-621e-49ec-bbd2-540bf9650e90 completed in 5.200s
2025-01-08 12:21:45,764 | INFO     | 368 | 22196 | main.py:54 | __call__ | Request b2a5d910-4a20-49f3-83f6-1b359e515d9e completed in 6.848s
2025-01-08 12:27:10,779 | INFO     | 368 | 22196 | main.py:54 | __call__ | Request 1ad5d07b-3c9e-4d58-a51b-9a7959fec79a completed in 0.037s
2025-01-08 12:27:10,791 | INFO     | 368 | 22196 | main.py:54 | __call__ | Request fe0f3e9a-5692-4c9a-810b-064f70fa8d7a completed in 0.031s
2025-01-08 12:27:10,846 | INFO     | 368 | 22196 | main.py:54 | __call__ | Request a31fe05c-e4cd-44f8-b90e-5cd1d4f2e34a completed in 0.027s
2025-01-08 12:27:10,883 | INFO     | 368 | 22196 | main.py:54 | __call__ | Request a8dbb0d7-09d6-4b57-900f-0b9dfba3cad6 completed in 0.011s
2025-01-08 12:27:14,704 | INFO     | 368 | 22196 | main.py:54 | __call__ | Request bcb71fd8-cf69-4411-9ce9-391040b445e4 completed in 3.907s
2025-01-08 12:27:14,705 | INFO     | 368 | 22196 | main.py:54 | __call__ | Request 317e7e4f-6b89-4eaf-959c-be9a548fb023 completed in 3.808s
2025-01-08 12:28:07,821 | INFO     | 368 | 22196 | main.py:54 | __call__ | Request 10dee5d1-a2eb-4f19-8eae-c2a96aee2ac2 completed in 0.003s
2025-01-08 12:28:11,318 | INFO     | 368 | 22196 | main.py:54 | __call__ | Request 882685c9-f62f-48cc-960e-0c9a741e572d completed in 3.485s
2025-01-08 12:28:12,363 | INFO     | 368 | 22196 | main.py:54 | __call__ | Request 3a219c9e-a3a3-4ded-ab9e-9ca70a045a98 completed in 4.549s
2025-01-08 12:28:23,873 | INFO     | 368 | 22196 | main.py:54 | __call__ | Request 1742a619-3665-4c33-8496-4fb7122ae724 completed in 0.003s
2025-01-08 12:28:26,832 | INFO     | 368 | 22196 | main.py:54 | __call__ | Request bc00cd3c-e582-49d2-ab9a-b6a4575919b6 completed in 2.966s
2025-01-08 12:28:26,833 | INFO     | 368 | 22196 | main.py:54 | __call__ | Request 10566e45-6e29-4ba9-b0bb-f7311a2fe61d completed in 2.623s
2025-01-08 12:29:21,620 | INFO     | 368 | 22196 | main.py:54 | __call__ | Request 73c6d573-494a-484c-9a88-74508ac002c3 completed in 0.003s
2025-01-08 12:29:25,311 | INFO     | 368 | 22196 | main.py:54 | __call__ | Request cae55db4-8965-487f-ace4-0ba4d8b82d60 completed in 3.703s
2025-01-08 12:29:25,312 | INFO     | 368 | 22196 | main.py:54 | __call__ | Request 0e67a40a-e512-4c31-b416-50b0ade54d1b completed in 3.607s
2025-01-08 12:32:29,595 | INFO     | 368 | 22196 | main.py:54 | __call__ | Request 5e5d4050-1d25-4b7e-bd4e-94587d179c30 completed in 0.012s
2025-01-08 12:32:33,658 | INFO     | 368 | 22196 | main.py:54 | __call__ | Request 1cf20ade-54e4-4a45-b86a-23ca1d40eca8 completed in 4.082s
2025-01-08 12:32:33,659 | INFO     | 368 | 22196 | main.py:54 | __call__ | Request f7e0cd5b-0349-426d-b9b0-a352654b7828 completed in 4.011s
2025-01-08 12:33:50,524 | INFO     | 368 | 22196 | main.py:54 | __call__ | Request a77dc2ed-121e-444b-be94-e39cc0878d02 completed in 0.020s
2025-01-08 12:33:53,831 | INFO     | 368 | 22196 | main.py:54 | __call__ | Request 00e335ea-83a8-404a-8509-ee5b4aa65635 completed in 3.351s
2025-01-08 12:33:53,833 | INFO     | 368 | 22196 | main.py:54 | __call__ | Request d82bf21a-1442-4bf3-9899-2a95b54ec7c8 completed in 3.191s
2025-01-08 12:34:31,468 | INFO     | 368 | 22196 | main.py:54 | __call__ | Request 31277fe4-b2a1-4989-ad39-6ebf6f1ebd14 completed in 0.002s
2025-01-08 12:34:33,451 | INFO     | 368 | 22196 | main.py:54 | __call__ | Request e8794727-81dd-47e3-8c25-ac41fbe35ed6 completed in 1.981s
2025-01-08 12:34:34,704 | INFO     | 368 | 22196 | main.py:54 | __call__ | Request 6f06f1e7-9334-4984-9eec-dfe06258c27b completed in 3.240s
2025-01-08 12:34:55,355 | INFO     | 368 | 22196 | main.py:54 | __call__ | Request 9807b708-1bf4-4288-95a8-8680ae65a111 completed in 0.002s
2025-01-08 12:34:57,966 | INFO     | 368 | 22196 | main.py:54 | __call__ | Request 6315354c-b496-451b-83f8-fe4ced36a8b3 completed in 2.616s
2025-01-08 12:34:57,967 | INFO     | 368 | 22196 | main.py:54 | __call__ | Request 7e11ccb4-6e35-45a2-a0cf-f36fe946b38b completed in 2.599s
2025-01-08 12:35:56,581 | INFO     | 368 | 22196 | main.py:54 | __call__ | Request b5734a26-aba4-4436-ba0e-a82384995b57 completed in 0.003s
2025-01-08 12:35:59,848 | INFO     | 368 | 22196 | main.py:54 | __call__ | Request 8271e3af-8b0e-43c6-84fb-e3cbd8bda874 completed in 3.285s
2025-01-08 12:35:59,848 | INFO     | 368 | 22196 | main.py:54 | __call__ | Request 0f323b77-fb00-4be6-8cdb-f9b70ece2955 completed in 3.134s
2025-01-08 12:41:44,469 | INFO     | 368 | 22196 | main.py:54 | __call__ | Request 8f1df1cd-9a14-4303-8244-4146e717dc46 completed in 0.097s
2025-01-08 12:41:44,483 | INFO     | 368 | 22196 | main.py:54 | __call__ | Request e5521c4a-515f-40e4-8884-94092ef49322 completed in 0.073s
2025-01-08 12:41:44,575 | INFO     | 368 | 22196 | main.py:54 | __call__ | Request 4d1efddf-94bf-45b4-8403-a81559ab7340 completed in 0.082s
2025-01-08 12:41:44,700 | INFO     | 368 | 22196 | main.py:54 | __call__ | Request 03f3b6a9-b409-4352-809f-07587e69f9e2 completed in 0.013s
2025-01-08 12:41:50,560 | INFO     | 368 | 22196 | main.py:54 | __call__ | Request e2486b74-39f1-4d66-9312-7bffe9bb0522 completed in 5.857s
2025-01-08 12:41:50,563 | INFO     | 368 | 22196 | main.py:54 | __call__ | Request 4aba5d7b-417a-4290-b915-39da630b3acd completed in 6.032s
2025-01-08 12:41:50,568 | INFO     | 368 | 22196 | main.py:54 | __call__ | Request 0d44aba2-bc7e-41d4-8a2c-0aada6ee8dd7 completed in 0.004s
2025-01-08 12:41:53,853 | INFO     | 368 | 22196 | main.py:54 | __call__ | Request 05b203e0-2567-4a1c-93ec-91515e84bc03 completed in 3.261s
2025-01-08 12:41:54,899 | INFO     | 368 | 22196 | main.py:54 | __call__ | Request 553418ca-71aa-46f6-ae39-8396ff1442fb completed in 4.332s
2025-01-08 12:45:27,043 | INFO     | 368 | 22196 | main.py:54 | __call__ | Request f665148f-fb79-401e-a91a-fbc6641dbb84 completed in 0.008s
2025-01-08 12:45:30,248 | INFO     | 368 | 22196 | main.py:54 | __call__ | Request 5b5f188c-5490-4a35-8d1d-a9c561d73eae completed in 3.168s
2025-01-08 12:45:31,318 | INFO     | 368 | 22196 | main.py:54 | __call__ | Request 8927349b-bb42-413f-9ece-7d2055b1676a completed in 4.286s
2025-01-08 12:46:10,300 | INFO     | 368 | 22196 | main.py:54 | __call__ | Request c853d666-1f58-40f6-baf0-86a234a1f77c completed in 0.004s
2025-01-08 12:46:12,607 | INFO     | 368 | 22196 | main.py:54 | __call__ | Request 86882967-cd30-4561-ac3e-b832e399bfbb completed in 2.301s
2025-01-08 12:46:13,767 | INFO     | 368 | 22196 | main.py:54 | __call__ | Request 55756b3b-f648-4fe2-bea0-8684188fa7fc completed in 3.476s
2025-01-08 12:46:24,664 | INFO     | 368 | 22196 | main.py:54 | __call__ | Request 97798fd8-f6aa-45bd-be2d-9f3ab363ca07 completed in 0.005s
2025-01-08 12:46:28,934 | INFO     | 368 | 22196 | main.py:54 | __call__ | Request 701c0fdb-c495-4a55-a00c-c49f02086d33 completed in 4.281s
2025-01-08 12:46:28,936 | INFO     | 368 | 22196 | main.py:54 | __call__ | Request 9766cade-197e-46b9-8f37-e87b4a6b5387 completed in 3.836s
2025-01-08 12:47:09,582 | INFO     | 368 | 22196 | main.py:54 | __call__ | Request 14838a51-35a6-4c63-9374-1d8bf870e5a2 completed in 0.002s
2025-01-08 12:47:13,208 | INFO     | 368 | 22196 | main.py:54 | __call__ | Request 8d4ce890-ece2-4a79-ae18-a7299e81f78a completed in 3.645s
2025-01-08 12:47:13,211 | INFO     | 368 | 22196 | main.py:54 | __call__ | Request a82bb153-8c35-4f02-939b-6422be84e628 completed in 3.509s
2025-01-08 12:51:15,739 | INFO     | 368 | 22196 | main.py:54 | __call__ | Request 6af759fb-6819-4623-963b-ed7f94e6fb68 completed in 0.056s
2025-01-08 12:51:19,382 | INFO     | 368 | 22196 | main.py:54 | __call__ | Request 284fca38-b0cb-44ef-bc30-acc02158f824 completed in 3.735s
2025-01-08 12:51:19,383 | INFO     | 368 | 22196 | main.py:54 | __call__ | Request 5a4ab601-98ea-40f1-86a5-4f4bd1a9759a completed in 3.600s
2025-01-08 12:52:56,414 | INFO     | 368 | 22196 | main.py:54 | __call__ | Request cf68db8a-1f26-4c19-9c7f-b1f35446343d completed in 0.006s
2025-01-08 12:52:56,468 | INFO     | 368 | 22196 | main.py:54 | __call__ | Request bdc94477-c13c-466c-8371-0ac4bcd1a664 completed in 0.006s
2025-01-08 12:52:56,475 | INFO     | 368 | 22196 | main.py:54 | __call__ | Request 2ff6884a-4015-4676-b130-7f8836c77e3a completed in 0.004s
2025-01-08 12:52:56,527 | INFO     | 368 | 22196 | main.py:54 | __call__ | Request 8cceaba4-43ca-4e24-82c2-3df1eb8fe62e completed in 0.025s
2025-01-08 12:53:00,527 | INFO     | 368 | 22196 | main.py:54 | __call__ | Request 83d325ad-e3d0-468b-991c-37c381a88f8d completed in 4.108s
2025-01-08 12:53:00,529 | INFO     | 368 | 22196 | main.py:54 | __call__ | Request fba4b148-e1a3-4f88-a285-3980ab8dd3f9 completed in 3.994s
2025-01-08 12:54:41,177 | INFO     | 368 | 22196 | main.py:54 | __call__ | Request 1d3c1cc5-ed35-4ba3-8eff-faa309740ada completed in 0.003s
2025-01-08 12:54:45,089 | INFO     | 368 | 22196 | main.py:54 | __call__ | Request 61c9d96d-b66a-42e3-9647-d61828e80cdc completed in 4.219s
2025-01-08 12:54:45,091 | INFO     | 368 | 22196 | main.py:54 | __call__ | Request 64a9e5dc-b7bd-48be-ad04-f3d2981ade3c completed in 3.842s
2025-01-08 12:56:02,045 | INFO     | 368 | 22196 | main.py:54 | __call__ | Request e65a8a24-7a10-4fb8-b2ca-1013f4745df6 completed in 0.004s
2025-01-08 12:56:06,618 | INFO     | 368 | 22196 | main.py:54 | __call__ | Request 417b49c4-6747-412b-a001-c0a1887e1a26 completed in 4.583s
2025-01-08 12:56:06,620 | INFO     | 368 | 22196 | main.py:54 | __call__ | Request a7ca9e6a-ace9-4cfa-a38f-6b983d2ff0b3 completed in 4.485s
2025-01-08 12:57:51,978 | INFO     | 368 | 22196 | main.py:54 | __call__ | Request bb77ec58-93f2-49e6-953a-f6a4b27d7de9 completed in 0.002s
2025-01-08 12:57:55,056 | INFO     | 368 | 22196 | main.py:54 | __call__ | Request 44b09a62-b534-4129-94cb-5bb39566100a completed in 3.083s
2025-01-08 12:57:55,057 | INFO     | 368 | 22196 | main.py:54 | __call__ | Request 0b961e80-202d-419f-8a72-f1ace36f9b9b completed in 3.068s
2025-01-08 12:58:15,247 | INFO     | 368 | 22196 | main.py:54 | __call__ | Request 7fefc59b-5298-48d9-9174-71ff91ab40ee completed in 0.002s
2025-01-08 12:58:19,344 | INFO     | 368 | 22196 | main.py:54 | __call__ | Request 38ec8f6a-7e30-4fb9-8724-2623c3584eaf completed in 4.151s
2025-01-08 12:58:19,344 | INFO     | 368 | 22196 | main.py:54 | __call__ | Request 2dd4b3cf-35a5-463e-8de3-7034a3371e91 completed in 4.086s
2025-01-08 12:58:37,099 | INFO     | 368 | 22196 | main.py:54 | __call__ | Request ac7089f4-5296-4087-9f23-f8b945ba8ce5 completed in 0.003s
2025-01-08 12:58:39,460 | INFO     | 368 | 22196 | main.py:54 | __call__ | Request 53c23b1b-e247-440a-bc79-b0179b02b602 completed in 2.605s
2025-01-08 12:58:39,461 | INFO     | 368 | 22196 | main.py:54 | __call__ | Request 89030bc7-e2de-4f6f-ab99-5cbd0222706d completed in 2.295s
2025-01-08 12:58:54,807 | INFO     | 368 | 22196 | main.py:54 | __call__ | Request 152f0296-1eb1-4b7d-bf6b-bfff5a19509b completed in 0.010s
2025-01-08 12:58:58,776 | INFO     | 368 | 22196 | main.py:54 | __call__ | Request 988fe641-106b-47d9-b022-1740b9df6bee completed in 3.966s
2025-01-08 12:58:58,883 | INFO     | 368 | 22196 | main.py:54 | __call__ | Request 2d0f321b-3780-45d6-b8ed-44b803375811 completed in 0.002s
2025-01-08 12:59:00,289 | INFO     | 368 | 22196 | main.py:54 | __call__ | Request 10007c59-b572-427b-94cd-e134ef3db243 completed in 1.403s
2025-01-08 13:00:01,701 | INFO     | 368 | 22196 | main.py:54 | __call__ | Request 15fccdc3-b121-4ea8-866e-b1edcc92f2bc completed in 0.065s
2025-01-08 13:00:04,189 | INFO     | 368 | 22196 | main.py:54 | __call__ | Request ebc5cb2b-0336-4c0b-8d6c-80dc156e85fc completed in 2.477s
2025-01-08 13:00:07,370 | INFO     | 368 | 22196 | main.py:54 | __call__ | Request ac20ae42-9f11-4ba7-8d23-34cb18a05572 completed in 0.706s
2025-01-08 13:00:13,090 | INFO     | 368 | 22196 | main.py:54 | __call__ | Request ab536fa9-ae18-4716-b0ca-6b7a40ac25e2 completed in 0.002s
2025-01-08 13:00:14,876 | INFO     | 368 | 22196 | main.py:54 | __call__ | Request fcabd928-2515-4fc3-b58f-1e63384aa324 completed in 1.783s
2025-01-08 13:01:05,482 | INFO     | 368 | 22196 | main.py:54 | __call__ | Request 6e2a6c18-3cab-4d79-ba2a-9feebb042dc3 completed in 0.006s
2025-01-08 13:01:09,280 | INFO     | 368 | 22196 | main.py:54 | __call__ | Request 159f0d98-3d15-4ea4-9026-0b000fd8a9c2 completed in 3.820s
2025-01-08 13:01:09,281 | INFO     | 368 | 22196 | main.py:54 | __call__ | Request dfbf6809-0c5b-49ea-bf71-a23945dd2003 completed in 3.650s
2025-01-08 13:07:16,595 | INFO     | 368 | 22196 | main.py:54 | __call__ | Request f9a7ae4a-194a-40ed-a0fe-d42f0d5e201e completed in 0.096s
2025-01-08 13:07:16,607 | INFO     | 368 | 22196 | main.py:54 | __call__ | Request a4444853-01a8-4b57-8582-46964cfda7b1 completed in 0.084s
2025-01-08 13:07:16,683 | INFO     | 368 | 22196 | main.py:54 | __call__ | Request ac306270-0ac0-4400-818b-6cb92779935e completed in 0.018s
2025-01-08 13:07:16,730 | INFO     | 368 | 22196 | main.py:54 | __call__ | Request 17568835-0305-4054-93ec-605744ea7731 completed in 0.025s
2025-01-08 13:07:19,531 | INFO     | 368 | 22196 | main.py:54 | __call__ | Request 952a9f6c-2d60-43ac-8a70-07c46081518e completed in 2.795s
2025-01-08 13:07:20,523 | INFO     | 368 | 22196 | main.py:54 | __call__ | Request a21e83a0-5efd-45e0-8309-d6bf538536ab completed in 3.907s
2025-01-08 13:07:50,838 | INFO     | 368 | 22196 | main.py:54 | __call__ | Request 99547201-b620-4a85-b153-e67802f8e292 completed in 1.658s
2025-01-08 13:09:04,998 | INFO     | 368 | 22196 | main.py:54 | __call__ | Request 49cea329-6eba-40f7-82b4-ba723fc90b6c completed in 0.004s
2025-01-08 13:09:08,336 | INFO     | 368 | 22196 | main.py:54 | __call__ | Request b948fb06-2a38-4527-849e-edace4367cff completed in 3.347s
2025-01-08 13:09:08,337 | INFO     | 368 | 22196 | main.py:54 | __call__ | Request 28a36abf-00bf-4860-9e39-1145c8a1d37b completed in 3.220s
2025-01-08 13:09:14,332 | INFO     | 368 | 22196 | main.py:54 | __call__ | Request dce884a6-e9db-49c9-9671-a597e760883f completed in 1.935s
2025-01-08 13:11:55,229 | INFO     | 368 | 22196 | main.py:54 | __call__ | Request 9fc122fe-ac7a-4001-b944-4ec8f660d926 completed in 0.121s
2025-01-08 13:11:59,485 | INFO     | 368 | 22196 | main.py:54 | __call__ | Request c9065d6d-a07b-4145-8b0b-ca50e642d0f1 completed in 4.240s
2025-01-08 13:11:59,488 | INFO     | 368 | 22196 | main.py:54 | __call__ | Request dd9f0723-9f74-4194-ae9b-b04810877440 completed in 4.336s
2025-01-08 13:12:07,505 | INFO     | 368 | 22196 | main.py:54 | __call__ | Request 27dfc985-959b-49b2-ac76-6f3833dfa8bf completed in 0.005s
2025-01-08 13:12:09,551 | INFO     | 368 | 22196 | main.py:54 | __call__ | Request b83a32a0-7517-48f7-9806-791b24ecf12d completed in 2.040s
2025-01-08 13:12:12,007 | INFO     | 368 | 22196 | main.py:54 | __call__ | Request 23fea4fb-3298-456e-9e09-7adc286727be completed in 1.901s
2025-01-08 13:13:03,774 | INFO     | 368 | 22196 | main.py:54 | __call__ | Request 032d4ed5-779d-4307-a76a-5fcecf6b322a completed in 0.002s
2025-01-08 13:13:06,938 | INFO     | 368 | 22196 | main.py:54 | __call__ | Request 54084178-0da1-42b2-9ead-ef823ce0acba completed in 3.162s
2025-01-08 13:13:06,940 | INFO     | 368 | 22196 | main.py:54 | __call__ | Request 347e373d-8c0c-4d3c-9a18-df2877c83d8c completed in 3.170s
2025-01-08 13:13:16,046 | INFO     | 368 | 22196 | main.py:54 | __call__ | Request e6a49ba4-b771-408d-8872-6a3a94d8d128 completed in 0.001s
2025-01-08 13:13:18,869 | INFO     | 368 | 22196 | main.py:54 | __call__ | Request 0f7cf648-8f45-4241-b862-68f8711adc14 completed in 2.826s
2025-01-08 13:13:18,870 | INFO     | 368 | 22196 | main.py:54 | __call__ | Request 0cebd0a1-9feb-4641-817e-1d3b61bfb893 completed in 2.810s
2025-01-08 13:13:25,621 | INFO     | 368 | 22196 | main.py:54 | __call__ | Request 0e89d77b-3771-437e-9251-d170b2dba0a3 completed in 1.579s
2025-01-08 13:13:28,005 | INFO     | 368 | 22196 | main.py:54 | __call__ | Request 2aea1145-39a9-41f9-9c87-ec0706dd1aa1 completed in 1.880s
2025-01-08 13:14:14,574 | INFO     | 368 | 22196 | main.py:54 | __call__ | Request 30ad974e-9816-41bc-8622-7f25333722e8 completed in 0.003s
2025-01-08 13:14:17,745 | INFO     | 368 | 22196 | main.py:54 | __call__ | Request 3f28f382-c3e6-4574-8c47-fa807ba99074 completed in 3.169s
2025-01-08 13:14:17,747 | INFO     | 368 | 22196 | main.py:54 | __call__ | Request cf1c2707-f853-4fd3-b70e-07266d0b590f completed in 3.178s
2025-01-08 13:14:41,682 | INFO     | 368 | 22196 | main.py:54 | __call__ | Request 87a9af3a-65e7-4012-8f3f-30d8580f4661 completed in 0.002s
2025-01-08 13:14:45,290 | INFO     | 368 | 22196 | main.py:54 | __call__ | Request ea6ababe-d450-43ff-980e-568cf889f625 completed in 3.612s
2025-01-08 13:14:45,291 | INFO     | 368 | 22196 | main.py:54 | __call__ | Request 3500526f-ff82-4271-819c-1dba5cc1c0b2 completed in 3.599s
2025-01-08 13:14:53,141 | INFO     | 368 | 22196 | main.py:54 | __call__ | Request 2a5d4c8e-9888-40ec-aaf4-2377d64278c1 completed in 1.467s
2025-01-08 13:14:55,348 | INFO     | 368 | 22196 | main.py:54 | __call__ | Request 778fd913-b699-4f1c-963b-91e0a12fd5c5 completed in 1.709s
2025-01-08 13:19:13,345 | INFO     | 8452 | 21548 | main.py:54 | __call__ | Request 0883bbd1-3535-40b4-9958-1ea36029a785 completed in 0.038s
2025-01-08 13:19:13,351 | INFO     | 8452 | 21548 | main.py:54 | __call__ | Request 64935e9d-8b1f-497b-804e-a008221d62f3 completed in 0.028s
2025-01-08 13:19:13,615 | INFO     | 8452 | 21548 | main.py:54 | __call__ | Request ad7c8b2e-4171-4951-9f72-89ba66e2cc88 completed in 0.243s
2025-01-08 13:19:13,623 | INFO     | 8452 | 21548 | main.py:54 | __call__ | Request a4495907-1157-4194-9d6a-d747080cecae completed in 0.004s
2025-01-08 13:19:16,508 | INFO     | 8452 | 21548 | main.py:54 | __call__ | Request 04ae09f5-b9f2-4023-85bf-3d0f01faac56 completed in 2.855s
2025-01-08 13:19:17,584 | INFO     | 8452 | 21548 | main.py:54 | __call__ | Request 5e5500d9-ad8f-4bb0-95cb-c430b25bb29c completed in 4.206s
2025-01-08 13:19:24,415 | INFO     | 8452 | 21548 | main.py:54 | __call__ | Request 9310babf-b8b3-4238-896d-3e2dc4c9de61 completed in 1.728s
2025-01-08 13:19:26,661 | INFO     | 8452 | 21548 | main.py:54 | __call__ | Request 9d2bca5d-cab7-4950-a078-580a7c861d4a completed in 1.844s
2025-01-08 13:22:02,148 | INFO     | 8452 | 21548 | main.py:54 | __call__ | Request 16a6eabe-dbf2-4221-ac3e-bc21b2ba06cc completed in 0.035s
2025-01-08 13:22:05,532 | INFO     | 8452 | 21548 | main.py:54 | __call__ | Request 038d009c-0557-4bba-9460-34db90e0d104 completed in 3.351s
2025-01-08 13:22:06,732 | INFO     | 8452 | 21548 | main.py:54 | __call__ | Request 6d5c3b33-221f-4c79-9a19-b487ad616eb1 completed in 4.681s
2025-01-08 13:22:14,379 | INFO     | 8452 | 21548 | main.py:54 | __call__ | Request 5374dd24-dbdb-4f69-8e12-81d360eb45c9 completed in 0.002s
2025-01-08 13:22:17,094 | INFO     | 8452 | 21548 | main.py:54 | __call__ | Request 9a15f12c-4d88-4b4a-a078-19cfcb9f2de4 completed in 2.714s
2025-01-08 13:22:19,505 | INFO     | 8452 | 21548 | main.py:54 | __call__ | Request e3e13fb5-7db3-4ba8-9e4a-dba8c5d72514 completed in 2.156s
2025-01-08 13:23:33,532 | INFO     | 4300 | 7068 | main.py:54 | __call__ | Request 43f80722-960c-4b39-ba02-cebf2c277472 completed in 0.016s
2025-01-08 13:23:36,227 | INFO     | 4300 | 7068 | main.py:54 | __call__ | Request 6435e561-66a8-4bf4-be76-1852ad1cffcd completed in 2.662s
2025-01-08 13:23:37,519 | INFO     | 4300 | 7068 | main.py:54 | __call__ | Request 96d7ba38-0e01-483a-8e5a-987821c04778 completed in 4.012s
2025-01-08 13:23:45,250 | INFO     | 4300 | 7068 | main.py:54 | __call__ | Request dde92446-43e2-4467-97d9-f946e46231de completed in 2.420s
2025-01-08 13:29:32,043 | INFO     | 19548 | 84 | main.py:54 | __call__ | Request 90493c18-c403-4bb1-a842-c3ffeeaed02c completed in 0.003s
2025-01-08 13:29:36,544 | INFO     | 19548 | 84 | main.py:54 | __call__ | Request 81e2f2a3-1252-483a-9c29-b3bd91bfc842 completed in 4.498s
2025-01-08 13:29:36,836 | INFO     | 19548 | 84 | main.py:54 | __call__ | Request 8dc63f72-6c0a-41f5-83e9-01c0c75ba0b3 completed in 0.002s
2025-01-08 13:29:36,840 | INFO     | 19548 | 84 | main.py:54 | __call__ | Request ba4de9e2-cfcd-44d1-b693-541d955849a2 completed in 0.003s
2025-01-08 13:29:36,852 | INFO     | 19548 | 84 | main.py:54 | __call__ | Request 871b3b71-6c3a-40c6-9434-147412b5259e completed in 0.002s
2025-01-08 13:29:39,126 | INFO     | 19548 | 84 | main.py:54 | __call__ | Request 5ce9acb1-dfce-4bff-a731-a172c319f3c5 completed in 2.271s
2025-01-08 13:31:40,160 | INFO     | 3964 | 14616 | main.py:54 | __call__ | Request 0ec23a6a-4a74-4480-875d-9f8db2187ff4 completed in 4.115s
2025-01-08 13:31:40,276 | INFO     | 3964 | 14616 | main.py:54 | __call__ | Request 228e3b4f-6069-4c12-8441-ffd5deedf6bb completed in 0.002s
2025-01-08 13:31:42,324 | INFO     | 3964 | 14616 | main.py:54 | __call__ | Request 8676adcb-d1a7-41d4-b9e5-06656576e54f completed in 2.047s
2025-01-08 13:33:35,963 | INFO     | 21472 | 11812 | main.py:54 | __call__ | Request 21515ed1-e892-437d-9319-94c3db489b0d completed in 0.006s
2025-01-08 13:33:35,976 | INFO     | 21472 | 11812 | main.py:54 | __call__ | Request c5280d0f-6687-4a21-a3f7-7625279c378c completed in 0.011s
2025-01-08 13:33:38,277 | INFO     | 21472 | 11812 | main.py:54 | __call__ | Request 8136798d-5f48-400d-aa5a-83cd00e49035 completed in 2.287s
2025-01-08 13:33:39,575 | INFO     | 21472 | 11812 | main.py:54 | __call__ | Request d60a3b4e-3b92-428b-8677-5c0ee69064c4 completed in 3.608s
2025-01-08 13:34:19,208 | INFO     | 21472 | 11812 | main.py:54 | __call__ | Request 57d9483f-9b73-4eaf-a25c-28e3b2465a7d completed in 0.003s
2025-01-08 13:34:26,536 | INFO     | 21472 | 11812 | main.py:54 | __call__ | Request 40be45b5-397f-4917-8c88-bc9069b8a953 completed in 7.346s
2025-01-08 13:34:26,537 | INFO     | 21472 | 11812 | main.py:54 | __call__ | Request d5cd2ce9-bb82-479c-a3f6-b1241e9b8f0d completed in 7.201s
2025-01-08 13:35:26,344 | INFO     | 21472 | 11812 | main.py:54 | __call__ | Request 9d698502-b749-4028-adcf-e5e0557593b1 completed in 0.006s
2025-01-08 13:35:30,763 | INFO     | 21472 | 11812 | main.py:54 | __call__ | Request 4e58901b-ecf9-4ace-b437-af6fad5996de completed in 4.428s
2025-01-08 13:35:30,764 | INFO     | 21472 | 11812 | main.py:54 | __call__ | Request adaaf4e4-15a8-41c2-9f3f-0de44725a99e completed in 3.974s
2025-01-08 13:35:45,543 | INFO     | 21472 | 11812 | main.py:54 | __call__ | Request 3ae0e023-0043-42cc-8666-c1c158046114 completed in 3.878s
2025-01-08 13:35:45,655 | INFO     | 21472 | 11812 | main.py:54 | __call__ | Request ed7ab7ef-3e04-4c94-bd7d-d94a3c432f10 completed in 0.001s
2025-01-08 13:35:47,663 | INFO     | 21472 | 11812 | main.py:54 | __call__ | Request c9e5a709-5918-402c-b17c-be223176de4b completed in 2.007s
2025-01-08 13:35:54,476 | INFO     | 21472 | 11812 | main.py:54 | __call__ | Request 2b80acde-0cdf-42bd-83ec-0b9c207dd13b completed in 0.002s
2025-01-08 13:35:56,937 | INFO     | 21472 | 11812 | main.py:54 | __call__ | Request d79538c3-db96-4ad6-9642-1eee4ff3e404 completed in 2.459s
2025-01-08 13:35:59,085 | INFO     | 21472 | 11812 | main.py:54 | __call__ | Request dc3c0640-12b3-433b-a70f-df16b9e68eef completed in 1.769s
2025-01-08 13:39:16,128 | INFO     | 21472 | 11812 | main.py:54 | __call__ | Request a1935361-f045-4c9c-9075-4de90837b955 completed in 0.040s
2025-01-08 13:39:21,041 | INFO     | 21472 | 11812 | main.py:54 | __call__ | Request b503647e-a4ab-42da-b75d-55c59e003a44 completed in 4.942s
2025-01-08 13:39:21,043 | INFO     | 21472 | 11812 | main.py:54 | __call__ | Request 47577b13-73ec-4222-bd07-7c93823e8fd8 completed in 4.750s
2025-01-08 13:39:37,975 | INFO     | 21472 | 11812 | main.py:54 | __call__ | Request f7482e53-e2d0-440d-be3f-ffe8089959eb completed in 0.011s
2025-01-08 13:39:37,979 | INFO     | 21472 | 11812 | main.py:54 | __call__ | Request 38f1aa73-738b-4296-84ca-453051e860f3 completed in 0.002s
2025-01-08 13:39:38,033 | INFO     | 21472 | 11812 | main.py:54 | __call__ | Request 73e64465-e6e5-4376-aa57-23e4fd9d9293 completed in 0.003s
2025-01-08 13:39:41,930 | INFO     | 21472 | 11812 | main.py:54 | __call__ | Request 07145d3c-b688-4a4b-8bbc-d14a8a81dd39 completed in 3.975s
2025-01-08 13:39:41,932 | INFO     | 21472 | 11812 | main.py:54 | __call__ | Request 8429e574-e6ea-460d-bc97-a5b1676a0d29 completed in 3.897s
2025-01-08 13:40:00,302 | INFO     | 21472 | 11812 | main.py:54 | __call__ | Request 81ef719c-0100-4e7d-ba60-2db9a1c0e0aa completed in 0.002s
2025-01-08 13:40:04,504 | INFO     | 21472 | 11812 | main.py:54 | __call__ | Request 82ce2f25-ba80-44b2-ac33-217a8acfe4bb completed in 4.214s
2025-01-08 13:40:04,508 | INFO     | 21472 | 11812 | main.py:54 | __call__ | Request aaeed2c5-62a3-41ff-9882-9532c04567d2 completed in 4.195s
2025-01-08 13:56:05,000 | INFO     | 20640 | 20644 | main.py:54 | __call__ | Request 9d383557-5942-45f8-b64e-c0c1ad5b4add completed in 0.069s
2025-01-08 13:56:05,023 | INFO     | 20640 | 20644 | main.py:54 | __call__ | Request 93368a93-d3e6-4f4b-acdb-76a27c1c61c7 completed in 0.068s
2025-01-08 13:56:05,295 | INFO     | 20640 | 20644 | main.py:54 | __call__ | Request d30dfd23-d809-4bd6-9c51-de38d5b8a9a0 completed in 0.030s
2025-01-08 13:56:08,687 | INFO     | 20640 | 20644 | main.py:54 | __call__ | Request 1052feaa-7fb0-42ad-b46b-2e9eb62bfd36 completed in 3.624s
2025-01-08 13:56:08,689 | INFO     | 20640 | 20644 | main.py:54 | __call__ | Request 1a0ba9ed-467c-4399-b0d7-b44292e93e27 completed in 0.003s
2025-01-08 13:56:10,918 | INFO     | 20640 | 20644 | main.py:54 | __call__ | Request 9112494c-5719-43ab-9cda-4922465194d5 completed in 2.225s
2025-01-08 13:57:39,583 | INFO     | 20640 | 20644 | main.py:54 | __call__ | Request f62e8f90-e962-44c4-9dbb-4581e5699c5a completed in 0.011s
2025-01-08 13:57:47,788 | INFO     | 20640 | 20644 | main.py:54 | __call__ | Request aa1a709b-e4ee-4670-8407-a1cccf25819e completed in 8.198s
2025-01-08 13:57:48,168 | INFO     | 20640 | 20644 | main.py:54 | __call__ | Request 664a0999-a693-4ee4-af7f-b18b31e30b37 completed in 0.004s
2025-01-08 13:57:51,007 | INFO     | 20640 | 20644 | main.py:54 | __call__ | Request 3c6d3de0-8cb0-4900-bdca-679438ee1dba completed in 2.830s
2025-01-08 13:58:08,125 | INFO     | 20640 | 20644 | main.py:54 | __call__ | Request ee8996ca-d9c3-4503-9329-fb1f5e0e2999 completed in 0.003s
2025-01-08 13:58:12,796 | INFO     | 20640 | 20644 | main.py:54 | __call__ | Request a1d20f8e-1b23-4a14-a3be-89b105447782 completed in 4.668s
2025-01-08 13:58:17,881 | INFO     | 20640 | 20644 | main.py:54 | __call__ | Request b9b4c612-1fb3-4558-bcc5-7fcda1ea865b completed in 4.190s
2025-01-08 14:01:14,316 | INFO     | 20640 | 20644 | main.py:54 | __call__ | Request e4c03812-05fc-4297-a099-05b8a7cae5dc completed in 0.015s
2025-01-08 14:01:17,443 | INFO     | 20640 | 20644 | main.py:54 | __call__ | Request 5254e8af-c056-4389-a456-ad51bba68623 completed in 3.088s
2025-01-08 14:01:19,265 | INFO     | 20640 | 20644 | main.py:54 | __call__ | Request fc7008b2-080a-4199-aac3-66e78a9a51ff completed in 4.958s
2025-01-08 14:01:35,859 | INFO     | 20640 | 20644 | main.py:54 | __call__ | Request d2aa4a4f-fb93-4a0a-93c2-b0d8fed3d767 completed in 5.194s
2025-01-08 14:01:36,016 | INFO     | 20640 | 20644 | main.py:54 | __call__ | Request 141c7fd4-bb4b-45f1-bcb5-d2328a9603cf completed in 0.004s
2025-01-08 14:01:38,822 | INFO     | 20640 | 20644 | main.py:54 | __call__ | Request 2bd4ec22-2d6c-491b-aa46-919e3597c7bf completed in 2.803s
2025-01-08 14:01:48,091 | INFO     | 20640 | 20644 | main.py:54 | __call__ | Request a818c794-bfb9-4bbf-9bf4-668edcfa5f27 completed in 3.336s
2025-01-08 14:02:40,306 | INFO     | 20640 | 20644 | main.py:54 | __call__ | Request 6f8181da-ac54-4ea3-8855-0e545ce5fbb8 completed in 0.002s
2025-01-08 14:02:45,036 | INFO     | 20640 | 20644 | main.py:54 | __call__ | Request 0b6dece0-cc50-49d4-9b1d-13c7d56b55e6 completed in 4.744s
2025-01-08 14:02:45,038 | INFO     | 20640 | 20644 | main.py:54 | __call__ | Request 2376e8e1-9989-4e91-bf32-88d18d98f046 completed in 4.334s
2025-01-08 14:02:58,183 | INFO     | 20640 | 20644 | main.py:54 | __call__ | Request 701568cf-acd8-4a45-a182-2322f2ff64eb completed in 3.775s
2025-01-08 14:02:58,256 | INFO     | 20640 | 20644 | main.py:54 | __call__ | Request b3807a39-cb75-4d80-8786-6881fefb09fb completed in 0.001s
2025-01-08 14:03:00,286 | INFO     | 20640 | 20644 | main.py:54 | __call__ | Request 5bc01c65-4f84-4da3-ab28-af3309ed89d8 completed in 2.029s
2025-01-08 14:03:07,662 | INFO     | 20640 | 20644 | main.py:54 | __call__ | Request dd15980b-2f89-4ce4-bc13-374026bb3a59 completed in 2.714s
2025-01-08 14:03:10,013 | INFO     | 20640 | 20644 | main.py:54 | __call__ | Request 86d59d24-c24e-4b36-9c2a-32f5f73fbee7 completed in 1.930s
2025-01-08 14:07:07,864 | INFO     | 20640 | 20644 | main.py:54 | __call__ | Request 36e2a313-9502-4ceb-9f89-90f36fbfd29f completed in 0.018s
2025-01-08 14:07:07,866 | INFO     | 20640 | 20644 | main.py:54 | __call__ | Request fb18aa29-c738-46e5-b7f4-f36d070e9a97 completed in 0.013s
2025-01-08 14:07:07,876 | INFO     | 20640 | 20644 | main.py:54 | __call__ | Request f57f1612-4968-41da-970d-1af6c5c92dfe completed in 0.005s
2025-01-08 14:07:07,883 | INFO     | 20640 | 20644 | main.py:54 | __call__ | Request d7a349ff-4feb-45a6-9a4e-001d3a6d8a8a completed in 0.003s
2025-01-08 14:07:10,884 | INFO     | 20640 | 20644 | main.py:54 | __call__ | Request a54dc636-d6aa-4d35-8496-354d93ff352a completed in 2.999s
2025-01-08 14:07:12,241 | INFO     | 20640 | 20644 | main.py:54 | __call__ | Request 6585e1e2-ef39-4a19-817a-f239fdf426d5 completed in 4.370s
2025-01-08 14:07:36,521 | INFO     | 20640 | 20644 | main.py:54 | __call__ | Request 21e9e7ee-6bc6-47d4-b620-9daedc0e7f92 completed in 4.353s
2025-01-08 14:07:36,687 | INFO     | 20640 | 20644 | main.py:54 | __call__ | Request fbdba536-ccf3-46e5-b73d-67682fa3a398 completed in 0.003s
2025-01-08 14:07:39,180 | INFO     | 20640 | 20644 | main.py:54 | __call__ | Request f3c6efdb-186a-4190-8e07-e368d92bf044 completed in 2.481s
2025-01-08 14:07:45,656 | INFO     | 20640 | 20644 | main.py:54 | __call__ | Request 46ad8115-5b6a-4292-98b3-610567f9aa12 completed in 2.437s
2025-01-08 14:07:47,738 | INFO     | 20640 | 20644 | main.py:54 | __call__ | Request 25fe9ac3-62b3-44de-bb3b-3e600f9a7411 completed in 1.745s
2025-01-08 14:08:03,792 | INFO     | 20640 | 20644 | main.py:54 | __call__ | Request aa5b38b6-3517-43ff-a882-345a4dc7d029 completed in 0.003s
2025-01-08 14:08:07,437 | INFO     | 20640 | 20644 | main.py:54 | __call__ | Request d4b41c73-94b8-4cbd-9c4d-fe70d768ad43 completed in 3.641s
2025-01-08 14:08:11,280 | INFO     | 20640 | 20644 | main.py:54 | __call__ | Request a2940fd4-d71f-4da2-af6e-21972f8d096a completed in 0.014s
2025-01-08 14:08:13,526 | INFO     | 20640 | 20644 | main.py:54 | __call__ | Request fe2f97e0-29af-43eb-a8bc-7416a0193ebb completed in 2.244s
2025-01-08 14:08:14,128 | INFO     | 20640 | 20644 | main.py:54 | __call__ | Request 81baaed7-a582-4514-b695-d5fd7199edb9 completed in 0.002s
2025-01-08 14:08:16,886 | INFO     | 20640 | 20644 | main.py:54 | __call__ | Request 433b4d4f-5269-4457-b8d4-20d46b0034b9 completed in 2.755s
2025-01-08 14:12:57,586 | INFO     | 12564 | 21464 | main.py:54 | __call__ | Request 2fef0fc9-f258-4d25-a717-cc84cb16fb0b completed in 0.004s
2025-01-08 14:13:00,160 | INFO     | 12564 | 21464 | main.py:54 | __call__ | Request ab105fbf-2ca2-4672-bc98-c35936bd368f completed in 2.563s
2025-01-08 14:13:01,779 | INFO     | 12564 | 21464 | main.py:54 | __call__ | Request 04b18207-8551-4679-9c09-104905f76267 completed in 4.198s
2025-01-08 14:25:24,530 | INFO     | 6372 | 17836 | main.py:54 | __call__ | Request 5e239d0c-38b4-45a5-9639-512bac73b671 completed in 0.007s
2025-01-08 14:25:25,789 | INFO     | 6372 | 17836 | main.py:54 | __call__ | Request 411cb36b-07b2-4638-95e2-e18b3fd90499 completed in 1.254s
2025-01-08 14:26:07,903 | INFO     | 6372 | 17836 | main.py:54 | __call__ | Request 9a0c0237-4563-4ed4-834e-b5e17c13361e completed in 1.273s
2025-01-08 14:26:19,321 | INFO     | 6372 | 17836 | main.py:54 | __call__ | Request eb3b6d8f-c149-4827-8dc1-0f9209e136d8 completed in 0.002s
2025-01-08 14:26:22,166 | INFO     | 6372 | 17836 | main.py:54 | __call__ | Request 558ba198-ba8f-4a9e-810a-c717d9b6eb83 completed in 2.843s
2025-01-08 14:26:43,747 | INFO     | 6372 | 17836 | main.py:54 | __call__ | Request e6d9c68e-a091-4299-b293-c3ecf6abda3f completed in 0.005s
2025-01-08 14:26:43,761 | INFO     | 6372 | 17836 | main.py:54 | __call__ | Request ae96b699-7a3a-4fe3-9a6d-045033cbf2ff completed in 0.006s
2025-01-08 14:26:43,770 | INFO     | 6372 | 17836 | main.py:54 | __call__ | Request 0ca81015-5c61-4fe3-a618-a9e665402534 completed in 0.005s
2025-01-08 14:26:43,787 | INFO     | 6372 | 17836 | main.py:54 | __call__ | Request 7c0ae42c-db9b-4855-8efe-c4ef5412b2b7 completed in 0.004s
2025-01-08 14:26:47,846 | INFO     | 6372 | 17836 | main.py:54 | __call__ | Request e760ec59-fccb-4a91-b98b-5842c291126f completed in 4.054s
2025-01-08 14:26:49,312 | INFO     | 6372 | 17836 | main.py:54 | __call__ | Request fcf5900b-28a5-449f-a283-14127ba90b45 completed in 5.562s
2025-01-08 14:27:47,151 | INFO     | 6372 | 17836 | main.py:54 | __call__ | Request 7e58ee5a-6ec6-4988-917f-fa983daa3469 completed in 0.002s
2025-01-08 14:28:22,415 | INFO     | 6372 | 17836 | main.py:54 | __call__ | Request 43c1db55-0458-4fdf-86c4-d149c6052889 completed in 35.262s
2025-01-08 14:28:22,543 | INFO     | 6372 | 17836 | main.py:54 | __call__ | Request 2b2ea97c-9396-4e74-ac55-3ccd011c00c9 completed in 0.001s
2025-01-08 14:28:23,662 | INFO     | 6372 | 17836 | main.py:54 | __call__ | Request f6c0c7f1-6c2a-4977-a231-bbb7d2e01456 completed in 1.118s
2025-01-08 14:36:13,121 | INFO     | 16900 | 14480 | main.py:54 | __call__ | Request 18a6650e-1b56-4390-8153-9c79846cc2d1 completed in 0.005s
2025-01-08 14:36:14,468 | INFO     | 16900 | 14480 | main.py:54 | __call__ | Request 336cf3b1-22d3-42b4-b227-a6973d1d23b3 completed in 1.344s
2025-01-08 14:44:11,464 | INFO     | 16900 | 14480 | main.py:54 | __call__ | Request 9591d4e4-d1dd-4506-957d-7c3d1a979e64 completed in 0.779s
2025-01-08 14:47:57,653 | INFO     | 16900 | 14480 | main.py:54 | __call__ | Request ab6d7c7e-f30b-4b48-adc5-764ff6d80336 completed in 0.047s
2025-01-08 14:47:57,655 | INFO     | 16900 | 14480 | main.py:54 | __call__ | Request 7ba2e722-a016-47e6-81e0-7c59f620e4d0 completed in 0.044s
2025-01-08 14:47:57,674 | INFO     | 16900 | 14480 | main.py:54 | __call__ | Request d5d9c3e1-6412-4c72-aec7-579f0ad63560 completed in 0.016s
2025-01-08 14:47:57,692 | INFO     | 16900 | 14480 | main.py:54 | __call__ | Request 07eb2f89-24e8-4606-b99b-2c16656b053d completed in 0.003s
2025-01-08 14:48:01,288 | INFO     | 16900 | 14480 | main.py:54 | __call__ | Request 6999d834-0abe-4f4b-b265-95467b4abd10 completed in 3.625s
2025-01-08 14:48:01,289 | INFO     | 16900 | 14480 | main.py:54 | __call__ | Request 109bdd81-801b-4814-9b95-23a4f4318a5e completed in 3.594s
2025-01-08 14:49:14,738 | INFO     | 16900 | 14480 | main.py:54 | __call__ | Request 8a28cf00-0c64-4c58-a36c-c64be900e563 completed in 0.011s
2025-01-08 14:49:16,420 | INFO     | 16900 | 14480 | main.py:54 | __call__ | Request c4bbf7ec-a0ae-4679-b234-9a973b96187d completed in 1.676s
2025-01-08 14:49:17,563 | INFO     | 16900 | 14480 | main.py:54 | __call__ | Request 0b8242bd-0cbb-4afe-8d77-3fa739d7f087 completed in 2.844s
2025-01-08 14:49:27,370 | INFO     | 16900 | 14480 | main.py:54 | __call__ | Request d2d33bd6-31f6-4c43-98bc-acf055dfda6f completed in 0.002s
2025-01-08 14:49:31,684 | INFO     | 16900 | 14480 | main.py:54 | __call__ | Request 0e84d891-2de9-408d-99e4-5b87309853a7 completed in 4.350s
2025-01-08 14:49:31,684 | INFO     | 16900 | 14480 | main.py:54 | __call__ | Request 1dc45b55-d8f7-46a8-a9e4-9b1029a51707 completed in 4.297s
2025-01-08 14:50:19,272 | INFO     | 16900 | 14480 | main.py:54 | __call__ | Request eac309a5-242a-4cfd-85dd-696e1d77c966 completed in 0.003s
2025-01-08 14:50:21,991 | INFO     | 16900 | 14480 | main.py:54 | __call__ | Request 87466f1a-bb04-41e5-9adc-3e56c56e7641 completed in 2.709s
2025-01-08 14:50:22,760 | INFO     | 16900 | 14480 | main.py:54 | __call__ | Request 38073ed0-167b-40a8-bb87-399423c1a6e1 completed in 3.493s
2025-01-08 14:54:39,992 | INFO     | 16900 | 14480 | main.py:54 | __call__ | Request cd979d59-bad0-47c9-ac64-fca718401976 completed in 0.186s
2025-01-08 14:54:43,345 | INFO     | 16900 | 14480 | main.py:54 | __call__ | Request 51a0b4e1-731f-4280-91ca-3bcc64dfc0c9 completed in 3.148s
2025-01-08 14:54:44,535 | INFO     | 16900 | 14480 | main.py:54 | __call__ | Request de8f8a17-3efd-4a77-a7a2-9257683e0e59 completed in 4.657s
2025-01-08 14:56:29,430 | INFO     | 16900 | 14480 | main.py:54 | __call__ | Request 0484b2ab-12b4-4e2f-94a5-9d44924ff489 completed in 0.002s
2025-01-08 14:56:31,309 | INFO     | 16900 | 14480 | main.py:54 | __call__ | Request 2ca9db72-3009-4a1f-b246-0623665d05d7 completed in 1.865s
2025-01-08 14:56:32,150 | INFO     | 16900 | 14480 | main.py:54 | __call__ | Request 7c74e8c2-6e5a-4a1c-a272-4b54caba139f completed in 2.724s
2025-01-08 14:57:50,867 | INFO     | 16900 | 14480 | main.py:54 | __call__ | Request ddf109df-8935-4b88-9f51-0b72fe4433e3 completed in 0.002s
2025-01-08 14:57:52,248 | INFO     | 16900 | 14480 | main.py:54 | __call__ | Request 799afda7-5a19-4a68-97d1-caddbd04c234 completed in 1.378s
2025-01-08 14:57:53,089 | INFO     | 16900 | 14480 | main.py:54 | __call__ | Request 71494920-1303-49c3-a92b-ac89dd91446d completed in 2.227s
2025-01-08 15:05:33,736 | INFO     | 15872 | 15864 | main.py:54 | __call__ | Request ab833de1-7ee8-478b-87eb-45a29fc13ae0 completed in 0.069s
2025-01-08 15:05:33,751 | INFO     | 15872 | 15864 | main.py:54 | __call__ | Request d43c6320-5fad-4489-8e01-2dae60be126a completed in 0.063s
2025-01-08 15:05:33,862 | INFO     | 15872 | 15864 | main.py:54 | __call__ | Request 93d5ac4a-b73f-4509-b10f-7ba9282e2e52 completed in 0.038s
2025-01-08 15:05:34,032 | INFO     | 15872 | 15864 | main.py:54 | __call__ | Request a479ddff-f276-4692-a13b-a30b570b5a1c completed in 0.003s
2025-01-08 15:05:37,603 | INFO     | 15872 | 15864 | main.py:54 | __call__ | Request d01cb433-89ee-4914-8681-83ce6d691471 completed in 3.567s
2025-01-08 15:05:38,878 | INFO     | 15872 | 15864 | main.py:54 | __call__ | Request b29b343e-7c8c-4692-b2b8-cf61038fab8c completed in 5.073s
2025-01-08 15:13:11,313 | INFO     | 15872 | 15864 | main.py:54 | __call__ | Request ce65520d-e063-4430-a5c5-b0078831fafd completed in 0.011s
2025-01-08 15:13:14,756 | INFO     | 15872 | 15864 | main.py:54 | __call__ | Request 08eebb2a-a7f9-402e-ae11-889872cb9d00 completed in 3.427s
2025-01-08 15:13:16,298 | INFO     | 15872 | 15864 | main.py:54 | __call__ | Request c0cec506-47df-44fb-aa1f-2ee06968bb45 completed in 5.000s
